<?xml version="1.0" encoding="UTF-8"?>
<!-- Generated by org.testng.reporters.JUnitXMLReporter -->
<testsuite ignored="0" hostname="DESKTOP-G1IK9UO" failures="0" tests="4" name="Test" time="0.132" errors="0" timestamp="2026-03-12T11:26:46 IST">
  <testcase classname="pac1.ContactTest" name="createcontactTest" time="0.014"/>
  <testcase classname="pac1.ContactTest" name="modifycontactTest" time="0.005"/>
  <testcase classname="pac2.OrgTest" name="createOrgTest" time="0.004"/>
  <testcase classname="pac2.OrgTest" name="modifyOrgTest" time="0.001"/>
</testsuite> <!-- Test -->
