<?xml version="1.0" encoding="UTF-8"?>
<!-- Generated by org.testng.reporters.JUnitReportReporter -->
<testsuite hostname="DESKTOP-G1IK9UO" failures="0" tests="2" name="practice.hometest.HomePageSampleTest" time="0.089" errors="0" timestamp="2026-02-19T15:02:06 IST" skipped="0">
  <testcase classname="practice.hometest.HomePageSampleTest" name="homePageTest" time="0.056">
    <system-out>
      <![CDATA[homePageTestTest Start
step-1
step-2
step-3
step-4
homePageTestTest End]]>
    </system-out>
  </testcase> <!-- homePageTest -->
  <testcase classname="practice.hometest.HomePageSampleTest" name="verifyLogoHomeOageTest" time="0.033">
    <system-out>
      <![CDATA[verifyLogoHomeOageTestTest Start
step-1
step-2
step-3
step-4
verifyLogoHomeOageTestTest End]]>
    </system-out>
  </testcase> <!-- verifyLogoHomeOageTest -->
  <system-out>
    <![CDATA[homePageTestTest Start
step-1
step-2
step-3
step-4
homePageTestTest End
verifyLogoHomeOageTestTest Start
step-1
step-2
step-3
step-4
verifyLogoHomeOageTestTest End]]>
  </system-out>
</testsuite> <!-- practice.hometest.HomePageSampleTest -->
