<?xml version="1.0" encoding="UTF-8"?>
<!-- Generated by org.testng.reporters.JUnitReportReporter -->
<testsuite hostname="DESKTOP-G1IK9UO" failures="0" tests="2" name="com.pac1.CreateContectTest" time="0.052" errors="0" timestamp="2026-02-13T11:18:01 IST" skipped="0">
  <testcase classname="com.pac1.CreateContectTest" name="createContect" time="0.040"/>
  <testcase classname="com.pac1.CreateContectTest" name="createContectWithDate" time="0.012"/>
</testsuite> <!-- com.pac1.CreateContectTest -->
