<?xml version="1.0" encoding="UTF-8"?>
<!-- Generated by org.testng.reporters.JUnitReportReporter -->
<testsuite hostname="DESKTOP-G1IK9UO" failures="0" tests="3" name="practice.testng.CreatecontectTest" time="0.089" errors="0" timestamp="2026-02-11T17:41:13 IST" skipped="0">
  <testcase classname="practice.testng.CreatecontectTest" name="createcontectTest" time="0.066"/>
  <testcase classname="practice.testng.CreatecontectTest" name="login" time="0.017"/>
  <testcase classname="practice.testng.CreatecontectTest" name="navigateTocontectTest" time="0.006"/>
</testsuite> <!-- practice.testng.CreatecontectTest -->
