<?xml version="1.0" encoding="UTF-8"?>
<!-- Generated by org.testng.reporters.JUnitReportReporter -->
<testsuite hostname="DESKTOP-G1IK9UO" failures="0" tests="21" name="practice.testng.OrderTest" time="0.130" errors="0" timestamp="2026-02-12T10:58:07 IST" skipped="1">
  <testcase classname="practice.testng.OrderTest" name="createOrderTest" time="0.005"/>
  <testcase classname="practice.testng.OrderTest" name="createOrderTest" time="0.004"/>
  <testcase classname="practice.testng.OrderTest" name="createOrderTest" time="0.004"/>
  <testcase classname="practice.testng.OrderTest" name="createOrderTest" time="0.004"/>
  <testcase classname="practice.testng.OrderTest" name="createOrderTest" time="0.006"/>
  <testcase classname="practice.testng.OrderTest" name="createOrderTest" time="0.005"/>
  <testcase classname="practice.testng.OrderTest" name="createOrderTest" time="0.005"/>
  <testcase classname="practice.testng.OrderTest" name="createOrderTest" time="0.004"/>
  <testcase classname="practice.testng.OrderTest" name="createOrderTest" time="0.007"/>
  <testcase classname="practice.testng.OrderTest" name="createOrderTest" time="0.008"/>
  <testcase classname="practice.testng.OrderTest" name="createOrderTest" time="0.023"/>
  <testcase classname="practice.testng.OrderTest" name="createOrderTest" time="0.005"/>
  <testcase classname="practice.testng.OrderTest" name="createOrderTest" time="0.003"/>
  <testcase classname="practice.testng.OrderTest" name="createOrderTest" time="0.005"/>
  <testcase classname="practice.testng.OrderTest" name="createOrderTest" time="0.006"/>
  <testcase classname="practice.testng.OrderTest" name="createOrderTest" time="0.005"/>
  <testcase classname="practice.testng.OrderTest" name="createOrderTest" time="0.012"/>
  <testcase classname="practice.testng.OrderTest" name="createOrderTest" time="0.008"/>
  <testcase classname="practice.testng.OrderTest" name="createOrderTest" time="0.006"/>
  <testcase classname="practice.testng.OrderTest" name="createOrderTest" time="0.005"/>
  <testcase classname="practice.testng.OrderTest" name="billingOrderTes">
    <skipped/>
  </testcase> <!-- billingOrderTes -->
</testsuite> <!-- practice.testng.OrderTest -->
