<?xml version="1.0" encoding="UTF-8"?>
<!-- Generated by org.testng.reporters.JUnitReportReporter -->
<testsuite hostname="DESKTOP-G1IK9UO" failures="0" tests="2" name="com.crm.comcastcontecttest.CreateContectTest" time="0.029" errors="0" timestamp="2026-02-25T13:14:02 IST" skipped="0">
  <testcase classname="com.crm.comcastcontecttest.CreateContectTest" name="createContect" time="0.020"/>
  <testcase classname="com.crm.comcastcontecttest.CreateContectTest" name="createContectWithDate" time="0.009"/>
</testsuite> <!-- com.crm.comcastcontecttest.CreateContectTest -->
