<?xml version="1.0" encoding="UTF-8"?>
<!-- Generated by org.testng.reporters.JUnitReportReporter -->
<testsuite hostname="DESKTOP-G1IK9UO" failures="0" tests="3" name="practice.testng.CreateContect_PA_Test2" time="0.050" errors="0" timestamp="2026-02-12T15:16:05 IST" skipped="0">
  <testcase classname="practice.testng.CreateContect_PA_Test2" name="createContectTest" time="0.012"/>
  <testcase classname="practice.testng.CreateContect_PA_Test2" name="createContectTest" time="0.004"/>
  <testcase classname="practice.testng.CreateContect_PA_Test2" name="createContectTest" time="0.034"/>
</testsuite> <!-- practice.testng.CreateContect_PA_Test2 -->
