<?xml version="1.0" encoding="UTF-8"?>
<!-- Generated by org.testng.reporters.JUnitReportReporter -->
<testsuite hostname="DESKTOP-G1IK9UO" failures="0" tests="2" name="com.crm.cpmcast.orgtest.CreateOrgTest" time="0.025" errors="0" timestamp="2026-02-25T13:14:02 IST" skipped="0">
  <testcase classname="com.crm.cpmcast.orgtest.CreateOrgTest" name="createOrg" time="0.015"/>
  <testcase classname="com.crm.cpmcast.orgtest.CreateOrgTest" name="createOrgtWithIndustries" time="0.010"/>
</testsuite> <!-- com.crm.cpmcast.orgtest.CreateOrgTest -->
