<?xml version="1.0" encoding="UTF-8"?>
<!-- Generated by org.testng.reporters.JUnitReportReporter -->
<testsuite hostname="DESKTOP-G1IK9UO" failures="0" tests="3" name="practice.testng.CreateContect_PA_Test" time="0.043" errors="0" timestamp="2026-02-12T12:15:44 IST" skipped="0">
  <testcase classname="practice.testng.CreateContect_PA_Test" name="createContectTest" time="0.009"/>
  <testcase classname="practice.testng.CreateContect_PA_Test" name="createContectTest" time="0.008"/>
  <testcase classname="practice.testng.CreateContect_PA_Test" name="createContectTest" time="0.026"/>
</testsuite> <!-- practice.testng.CreateContect_PA_Test -->
