<?xml version="1.0" encoding="UTF-8"?>
<!-- Generated by org.testng.reporters.JUnitXMLReporter -->
<testsuite ignored="2" hostname="DESKTOP-G1IK9UO" failures="0" tests="4" name="Test" time="0.256" errors="0" timestamp="2026-02-25T13:14:01 IST">
  <testcase classname="com.crm.comcastcontecttest.CreateContectTest" name="createContect" time="0.017"/>
  <testcase classname="com.crm.comcastcontecttest.CreateContectTest" name="createContectWithDate" time="0.008"/>
  <testcase classname="com.crm.cpmcast.orgtest.CreateOrgTest" name="createOrg" time="0.01"/>
  <testcase classname="com.crm.cpmcast.orgtest.CreateOrgTest" name="createOrgtWithIndustries" time="0.006"/>
  <testcase classname="com.crm.generic.baseutility.BaseClass" name="@AfterSuite configAS" time="0.0">
    <ignored/>
  </testcase> <!-- @AfterSuite configAS -->
  <testcase classname="com.crm.generic.baseutility.BaseClass" name="@BeforeSuite configBS" time="0.0">
    <ignored/>
  </testcase> <!-- @BeforeSuite configBS -->
</testsuite> <!-- Test -->
