<?xml version="1.0" encoding="UTF-8"?>
<testng-results ignored="0" total="4" passed="4" failed="0" skipped="0">
  <reporter-output>
  </reporter-output>
  <suite started-at="2026-03-11T07:01:01Z" name="Suite" finished-at="2026-03-11T07:01:02Z" duration-ms="84">
    <groups>
    </groups>
    <test started-at="2026-03-11T07:01:01Z" name="Test" finished-at="2026-03-11T07:01:02Z" duration-ms="84">
      <class name="pac1.ContactTest">
        <test-method signature="createcontactTest()[pri:0, instance:pac1.ContactTest@4cc8eb05]" started-at="2026-03-11T07:01:01Z" name="createcontactTest" finished-at="2026-03-11T07:01:01Z" duration-ms="17" status="PASS">
          <reporter-output>
          </reporter-output>
        </test-method> <!-- createcontactTest -->
        <test-method signature="modifycontactTest()[pri:0, instance:pac1.ContactTest@4cc8eb05]" started-at="2026-03-11T07:01:01Z" name="modifycontactTest" finished-at="2026-03-11T07:01:02Z" duration-ms="6" status="PASS">
          <reporter-output>
          </reporter-output>
        </test-method> <!-- modifycontactTest -->
      </class> <!-- pac1.ContactTest -->
      <class name="pac2.OrgTest">
        <test-method signature="createOrgTest()[pri:0, instance:pac2.OrgTest@51f116b8]" started-at="2026-03-11T07:01:02Z" name="createOrgTest" finished-at="2026-03-11T07:01:02Z" duration-ms="7" status="PASS">
          <reporter-output>
          </reporter-output>
        </test-method> <!-- createOrgTest -->
        <test-method signature="modifyOrgTest()[pri:0, instance:pac2.OrgTest@51f116b8]" started-at="2026-03-11T07:01:02Z" name="modifyOrgTest" finished-at="2026-03-11T07:01:02Z" duration-ms="0" status="PASS">
          <reporter-output>
          </reporter-output>
        </test-method> <!-- modifyOrgTest -->
      </class> <!-- pac2.OrgTest -->
    </test> <!-- Test -->
  </suite> <!-- Suite -->
</testng-results>
