<?xml version="1.0" encoding="UTF-8"?>
<testng-results ignored="0" total="4" passed="4" failed="0" skipped="0">
  <reporter-output>
  </reporter-output>
  <suite started-at="2026-03-11T17:32:43 IST" name="Suite" finished-at="2026-03-11T17:32:43 IST" duration-ms="164">
    <groups>
    </groups>
    <test started-at="2026-03-11T17:32:43 IST" name="Test" finished-at="2026-03-11T17:32:43 IST" duration-ms="164">
      <class name="pac1.ContactTest">
        <test-method signature="createcontactTest()[pri:0, instance:pac1.ContactTest@1460a8c0]" started-at="2026-03-11T17:32:43 IST" name="createcontactTest" finished-at="2026-03-11T17:32:43 IST" duration-ms="16" status="PASS">
          <reporter-output>
          </reporter-output>
        </test-method> <!-- createcontactTest -->
        <test-method signature="modifycontactTest()[pri:0, instance:pac1.ContactTest@1460a8c0]" started-at="2026-03-11T17:32:43 IST" name="modifycontactTest" finished-at="2026-03-11T17:32:43 IST" duration-ms="7" status="PASS">
          <reporter-output>
          </reporter-output>
        </test-method> <!-- modifycontactTest -->
      </class> <!-- pac1.ContactTest -->
      <class name="pac2.OrgTest">
        <test-method signature="createOrgTest()[pri:0, instance:pac2.OrgTest@2aa3cd93]" started-at="2026-03-11T17:32:43 IST" name="createOrgTest" finished-at="2026-03-11T17:32:43 IST" duration-ms="5" status="PASS">
          <reporter-output>
          </reporter-output>
        </test-method> <!-- createOrgTest -->
        <test-method signature="modifyOrgTest()[pri:0, instance:pac2.OrgTest@2aa3cd93]" started-at="2026-03-11T17:32:43 IST" name="modifyOrgTest" finished-at="2026-03-11T17:32:43 IST" duration-ms="5" status="PASS">
          <reporter-output>
          </reporter-output>
        </test-method> <!-- modifyOrgTest -->
      </class> <!-- pac2.OrgTest -->
    </test> <!-- Test -->
  </suite> <!-- Suite -->
</testng-results>
