<?xml version="1.0" encoding="UTF-8"?>
<testng-results ignored="0" total="1" passed="1" failed="0" skipped="0">
  <reporter-output>
  </reporter-output>
  <suite started-at="2026-02-27T18:39:55 IST" name="Default suite" finished-at="2026-02-27T18:40:10 IST" duration-ms="14949">
    <groups>
    </groups>
    <test started-at="2026-02-27T18:39:55 IST" name="Default test" finished-at="2026-02-27T18:40:10 IST" duration-ms="14949">
      <class name="practice.testng.SampleReportTest">
        <test-method is-config="true" signature="configBS()[pri:0, instance:practice.testng.SampleReportTest@26794848]" started-at="2026-02-27T18:39:55 IST" name="configBS" finished-at="2026-02-27T18:39:55 IST" duration-ms="624" status="PASS">
          <reporter-output>
          </reporter-output>
        </test-method> <!-- configBS -->
        <test-method signature="createContectTest()[pri:0, instance:practice.testng.SampleReportTest@26794848]" started-at="2026-02-27T18:39:55 IST" name="createContectTest" finished-at="2026-02-27T18:40:10 IST" duration-ms="14790" status="PASS">
          <reporter-output>
          </reporter-output>
        </test-method> <!-- createContectTest -->
        <test-method is-config="true" signature="configAS()[pri:0, instance:practice.testng.SampleReportTest@26794848]" started-at="2026-02-27T18:40:11 IST" name="configAS" finished-at="2026-02-27T18:40:12 IST" duration-ms="1000" status="PASS">
          <reporter-output>
          </reporter-output>
        </test-method> <!-- configAS -->
      </class> <!-- practice.testng.SampleReportTest -->
    </test> <!-- Default test -->
  </suite> <!-- Default suite -->
</testng-results>
