<?xml version="1.0" encoding="UTF-8"?>
<!-- Generated by org.testng.reporters.JUnitXMLReporter -->
<testsuite ignored="0" hostname="DESKTOP-G1IK9UO" failures="0" tests="4" name="Surefire test" time="0.157" errors="0" timestamp="2026-03-11T17:30:09 IST">
  <testcase classname="pac1.ContactTest" name="createcontactTest" time="0.02"/>
  <testcase classname="pac1.ContactTest" name="modifycontactTest" time="0.002"/>
  <testcase classname="pac2.OrgTest" name="createOrgTest" time="0.001"/>
  <testcase classname="pac2.OrgTest" name="modifyOrgTest" time="0.001"/>
</testsuite> <!-- Surefire test -->
